<?xml version="1.0" encoding="UTF-8"?>
<testng-results ignored="0" total="1" passed="1" failed="0" skipped="0">
  <reporter-output>
  </reporter-output>
  <suite started-at="2021-02-06T09:45:42 WAT" name="Command line suite" finished-at="2021-02-06T09:45:42 WAT" duration-ms="27">
    <groups>
    </groups>
    <test started-at="2021-02-06T09:45:42 WAT" name="Command line test" finished-at="2021-02-06T09:45:42 WAT" duration-ms="27">
      <class name="pack.AppTest">
        <test-method signature="testApp()" started-at="2021-02-06T09:45:42 WAT" name="testApp" finished-at="2021-02-06T09:45:42 WAT" duration-ms="5" status="PASS">
          <reporter-output>
          </reporter-output>
        </test-method> <!-- testApp -->
      </class> <!-- pack.AppTest -->
    </test> <!-- Command line test -->
  </suite> <!-- Command line suite -->
</testng-results>
